Started GET "/data.json" for ::1 at 2025-09-30 10:09:42 -0500
  [1m[35m (1.2ms)[0m  [1m[35mCREATE TABLE "schema_migrations" ("version" varchar NOT NULL PRIMARY KEY) /*application='MarketBack'*/[0m
  [1m[35m (0.1ms)[0m  [1m[35mCREATE TABLE "ar_internal_metadata" ("key" varchar NOT NULL PRIMARY KEY, "value" varchar, "created_at" datetime(6) NOT NULL, "updated_at" datetime(6) NOT NULL) /*application='MarketBack'*/[0m
  [1m[36mActiveRecord::SchemaMigration Load (0.1ms)[0m  [1m[34mSELECT "schema_migrations"."version" FROM "schema_migrations" ORDER BY "schema_migrations"."version" ASC /*application='MarketBack'*/[0m
  
ActionController::RoutingError (No route matches [GET] "/data.json"):
  
Started GET "/data.json" for ::1 at 2025-09-30 10:12:00 -0500
Processing by DataController#index as JSON
Completed 500 Internal Server Error in 16ms (ActiveRecord: 0.0ms (0 queries, 0 cached) | GC: 0.7ms)


  
NameError (uninitialized constant DataController::CASSANDRA_PRODUCT_SESSION):
  
app/controllers/data_controller.rb:3:in `index'
Started GET "/data.json" for ::1 at 2025-09-30 10:13:40 -0500
Processing by DataController#index as JSON
Completed 500 Internal Server Error in 2ms (ActiveRecord: 0.0ms (0 queries, 0 cached) | GC: 0.0ms)


  
NameError (uninitialized constant DataController::CASSANDRA_PRODUCT_SESSION):
  
app/controllers/data_controller.rb:3:in `index'
Started GET "/data.json" for ::1 at 2025-09-30 10:15:01 -0500
Processing by DataController#index as JSON
Completed 500 Internal Server Error in 2ms (ActiveRecord: 0.0ms (0 queries, 0 cached) | GC: 0.0ms)


  
NameError (uninitialized constant DataController::CASSANDRA_PRODUCT_SESSION):
  
app/controllers/data_controller.rb:3:in `index'
Started GET "/data.json" for ::1 at 2025-09-30 10:15:35 -0500
  [1m[36mActiveRecord::SchemaMigration Load (0.6ms)[0m  [1m[34mSELECT "schema_migrations"."version" FROM "schema_migrations" ORDER BY "schema_migrations"."version" ASC /*application='MarketBack'*/[0m
Processing by DataController#index as JSON
Completed 200 OK in 42ms (Views: 0.6ms | ActiveRecord: 0.0ms (0 queries, 0 cached) | GC: 0.0ms)


Started GET "/data.json" for ::1 at 2025-09-30 10:15:38 -0500
Processing by DataController#index as JSON
Completed 200 OK in 8ms (Views: 0.2ms | ActiveRecord: 0.0ms (0 queries, 0 cached) | GC: 0.0ms)


Started GET "/data.json" for ::1 at 2025-09-30 10:20:45 -0500
  [1m[36mActiveRecord::SchemaMigration Load (0.5ms)[0m  [1m[34mSELECT "schema_migrations"."version" FROM "schema_migrations" ORDER BY "schema_migrations"."version" ASC /*application='MarketBack'*/[0m
Processing by DataController#index as JSON
Completed 200 OK in 41ms (Views: 0.6ms | ActiveRecord: 0.0ms (0 queries, 0 cached) | GC: 0.0ms)


Started GET "/data.json" for ::1 at 2025-09-30 10:21:38 -0500
Processing by DataController#index as JSON
Completed 200 OK in 26ms (Views: 0.8ms | ActiveRecord: 0.0ms (0 queries, 0 cached) | GC: 0.0ms)


Started GET "/data.json" for ::1 at 2025-09-30 10:21:49 -0500
Processing by DataController#index as JSON
Completed 200 OK in 35ms (Views: 0.6ms | ActiveRecord: 0.0ms (0 queries, 0 cached) | GC: 0.0ms)


Started GET "/data.json" for ::1 at 2025-09-30 10:22:21 -0500
Processing by DataController#index as JSON
Completed 200 OK in 16ms (Views: 1.1ms | ActiveRecord: 0.0ms (0 queries, 0 cached) | GC: 0.0ms)


Started GET "/data.json" for ::1 at 2025-09-30 10:22:31 -0500
Processing by DataController#index as JSON
Completed 200 OK in 43ms (Views: 0.7ms | ActiveRecord: 0.0ms (0 queries, 0 cached) | GC: 0.0ms)


Started GET "/data.json" for ::1 at 2025-09-30 10:22:48 -0500
Processing by DataController#index as JSON
Completed 200 OK in 26ms (Views: 0.3ms | ActiveRecord: 0.0ms (0 queries, 0 cached) | GC: 0.0ms)


Started GET "/data.json" for ::1 at 2025-09-30 10:25:01 -0500
Processing by DataController#index as JSON
Completed 200 OK in 31ms (Views: 1.0ms | ActiveRecord: 0.0ms (0 queries, 0 cached) | GC: 0.0ms)


Started GET "/data.json" for ::1 at 2025-09-30 10:32:06 -0500
Processing by DataController#index as JSON
Completed 200 OK in 30ms (Views: 1.8ms | ActiveRecord: 0.0ms (0 queries, 0 cached) | GC: 0.0ms)


Started GET "/product_data.json" for ::1 at 2025-09-30 10:32:58 -0500
  
AbstractController::ActionNotFound (The action 'productIndex' could not be found for DataController):
  
actionpack (8.0.3) lib/abstract_controller/base.rb:147:in `process'
actionpack (8.0.3) lib/action_controller/metal.rb:252:in `dispatch'
actionpack (8.0.3) lib/action_controller/metal.rb:335:in `dispatch'
actionpack (8.0.3) lib/action_dispatch/routing/route_set.rb:67:in `dispatch'
actionpack (8.0.3) lib/action_dispatch/routing/route_set.rb:50:in `serve'
actionpack (8.0.3) lib/action_dispatch/journey/router.rb:53:in `block in serve'
actionpack (8.0.3) lib/action_dispatch/journey/router.rb:133:in `block in find_routes'
actionpack (8.0.3) lib/action_dispatch/journey/router.rb:126:in `each'
actionpack (8.0.3) lib/action_dispatch/journey/router.rb:126:in `find_routes'
actionpack (8.0.3) lib/action_dispatch/journey/router.rb:34:in `serve'
actionpack (8.0.3) lib/action_dispatch/routing/route_set.rb:908:in `call'
railties (8.0.3) lib/rails/engine/lazy_route_set.rb:60:in `call'
rack (3.2.1) lib/rack/etag.rb:29:in `call'
rack (3.2.1) lib/rack/conditional_get.rb:31:in `call'
rack (3.2.1) lib/rack/head.rb:15:in `call'
activerecord (8.0.3) lib/active_record/migration.rb:670:in `call'
actionpack (8.0.3) lib/action_dispatch/middleware/callbacks.rb:31:in `block in call'
activesupport (8.0.3) lib/active_support/callbacks.rb:100:in `run_callbacks'
actionpack (8.0.3) lib/action_dispatch/middleware/callbacks.rb:30:in `call'
actionpack (8.0.3) lib/action_dispatch/middleware/executor.rb:16:in `call'
actionpack (8.0.3) lib/action_dispatch/middleware/actionable_exceptions.rb:18:in `call'
actionpack (8.0.3) lib/action_dispatch/middleware/debug_exceptions.rb:31:in `call'
actionpack (8.0.3) lib/action_dispatch/middleware/show_exceptions.rb:32:in `call'
railties (8.0.3) lib/rails/rack/logger.rb:41:in `call_app'
railties (8.0.3) lib/rails/rack/logger.rb:29:in `call'
actionpack (8.0.3) lib/action_dispatch/middleware/remote_ip.rb:96:in `call'
actionpack (8.0.3) lib/action_dispatch/middleware/request_id.rb:34:in `call'
rack (3.2.1) lib/rack/runtime.rb:24:in `call'
actionpack (8.0.3) lib/action_dispatch/middleware/server_timing.rb:61:in `block in call'
actionpack (8.0.3) lib/action_dispatch/middleware/server_timing.rb:26:in `collect_events'
actionpack (8.0.3) lib/action_dispatch/middleware/server_timing.rb:60:in `call'
actionpack (8.0.3) lib/action_dispatch/middleware/executor.rb:16:in `call'
actionpack (8.0.3) lib/action_dispatch/middleware/static.rb:27:in `call'
rack (3.2.1) lib/rack/sendfile.rb:114:in `call'
actionpack (8.0.3) lib/action_dispatch/middleware/host_authorization.rb:143:in `call'
railties (8.0.3) lib/rails/engine.rb:535:in `call'
puma (7.0.4) lib/puma/configuration.rb:299:in `call'
puma (7.0.4) lib/puma/request.rb:101:in `block in handle_request'
puma (7.0.4) lib/puma/thread_pool.rb:346:in `with_force_shutdown'
puma (7.0.4) lib/puma/request.rb:100:in `handle_request'
puma (7.0.4) lib/puma/server.rb:506:in `process_client'
puma (7.0.4) lib/puma/server.rb:265:in `block in run'
puma (7.0.4) lib/puma/thread_pool.rb:173:in `block in spawn_thread'
Started GET "/product_data.json" for ::1 at 2025-09-30 10:33:07 -0500
  
AbstractController::ActionNotFound (The action 'productIndex' could not be found for DataController):
  
actionpack (8.0.3) lib/abstract_controller/base.rb:147:in `process'
actionpack (8.0.3) lib/action_controller/metal.rb:252:in `dispatch'
actionpack (8.0.3) lib/action_controller/metal.rb:335:in `dispatch'
actionpack (8.0.3) lib/action_dispatch/routing/route_set.rb:67:in `dispatch'
actionpack (8.0.3) lib/action_dispatch/routing/route_set.rb:50:in `serve'
actionpack (8.0.3) lib/action_dispatch/journey/router.rb:53:in `block in serve'
actionpack (8.0.3) lib/action_dispatch/journey/router.rb:133:in `block in find_routes'
actionpack (8.0.3) lib/action_dispatch/journey/router.rb:126:in `each'
actionpack (8.0.3) lib/action_dispatch/journey/router.rb:126:in `find_routes'
actionpack (8.0.3) lib/action_dispatch/journey/router.rb:34:in `serve'
actionpack (8.0.3) lib/action_dispatch/routing/route_set.rb:908:in `call'
railties (8.0.3) lib/rails/engine/lazy_route_set.rb:60:in `call'
rack (3.2.1) lib/rack/etag.rb:29:in `call'
rack (3.2.1) lib/rack/conditional_get.rb:31:in `call'
rack (3.2.1) lib/rack/head.rb:15:in `call'
activerecord (8.0.3) lib/active_record/migration.rb:670:in `call'
actionpack (8.0.3) lib/action_dispatch/middleware/callbacks.rb:31:in `block in call'
activesupport (8.0.3) lib/active_support/callbacks.rb:100:in `run_callbacks'
actionpack (8.0.3) lib/action_dispatch/middleware/callbacks.rb:30:in `call'
actionpack (8.0.3) lib/action_dispatch/middleware/executor.rb:16:in `call'
actionpack (8.0.3) lib/action_dispatch/middleware/actionable_exceptions.rb:18:in `call'
actionpack (8.0.3) lib/action_dispatch/middleware/debug_exceptions.rb:31:in `call'
actionpack (8.0.3) lib/action_dispatch/middleware/show_exceptions.rb:32:in `call'
railties (8.0.3) lib/rails/rack/logger.rb:41:in `call_app'
railties (8.0.3) lib/rails/rack/logger.rb:29:in `call'
actionpack (8.0.3) lib/action_dispatch/middleware/remote_ip.rb:96:in `call'
actionpack (8.0.3) lib/action_dispatch/middleware/request_id.rb:34:in `call'
rack (3.2.1) lib/rack/runtime.rb:24:in `call'
actionpack (8.0.3) lib/action_dispatch/middleware/server_timing.rb:61:in `block in call'
actionpack (8.0.3) lib/action_dispatch/middleware/server_timing.rb:26:in `collect_events'
actionpack (8.0.3) lib/action_dispatch/middleware/server_timing.rb:60:in `call'
actionpack (8.0.3) lib/action_dispatch/middleware/executor.rb:16:in `call'
actionpack (8.0.3) lib/action_dispatch/middleware/static.rb:27:in `call'
rack (3.2.1) lib/rack/sendfile.rb:114:in `call'
actionpack (8.0.3) lib/action_dispatch/middleware/host_authorization.rb:143:in `call'
railties (8.0.3) lib/rails/engine.rb:535:in `call'
puma (7.0.4) lib/puma/configuration.rb:299:in `call'
puma (7.0.4) lib/puma/request.rb:101:in `block in handle_request'
puma (7.0.4) lib/puma/thread_pool.rb:346:in `with_force_shutdown'
puma (7.0.4) lib/puma/request.rb:100:in `handle_request'
puma (7.0.4) lib/puma/server.rb:506:in `process_client'
puma (7.0.4) lib/puma/server.rb:265:in `block in run'
puma (7.0.4) lib/puma/thread_pool.rb:173:in `block in spawn_thread'
Started GET "/product_data.json" for ::1 at 2025-09-30 10:33:13 -0500
  
AbstractController::ActionNotFound (The action 'productIndex' could not be found for DataController):
  
actionpack (8.0.3) lib/abstract_controller/base.rb:147:in `process'
actionpack (8.0.3) lib/action_controller/metal.rb:252:in `dispatch'
actionpack (8.0.3) lib/action_controller/metal.rb:335:in `dispatch'
actionpack (8.0.3) lib/action_dispatch/routing/route_set.rb:67:in `dispatch'
actionpack (8.0.3) lib/action_dispatch/routing/route_set.rb:50:in `serve'
actionpack (8.0.3) lib/action_dispatch/journey/router.rb:53:in `block in serve'
actionpack (8.0.3) lib/action_dispatch/journey/router.rb:133:in `block in find_routes'
actionpack (8.0.3) lib/action_dispatch/journey/router.rb:126:in `each'
actionpack (8.0.3) lib/action_dispatch/journey/router.rb:126:in `find_routes'
actionpack (8.0.3) lib/action_dispatch/journey/router.rb:34:in `serve'
actionpack (8.0.3) lib/action_dispatch/routing/route_set.rb:908:in `call'
railties (8.0.3) lib/rails/engine/lazy_route_set.rb:60:in `call'
rack (3.2.1) lib/rack/etag.rb:29:in `call'
rack (3.2.1) lib/rack/conditional_get.rb:31:in `call'
rack (3.2.1) lib/rack/head.rb:15:in `call'
activerecord (8.0.3) lib/active_record/migration.rb:670:in `call'
actionpack (8.0.3) lib/action_dispatch/middleware/callbacks.rb:31:in `block in call'
activesupport (8.0.3) lib/active_support/callbacks.rb:100:in `run_callbacks'
actionpack (8.0.3) lib/action_dispatch/middleware/callbacks.rb:30:in `call'
actionpack (8.0.3) lib/action_dispatch/middleware/executor.rb:16:in `call'
actionpack (8.0.3) lib/action_dispatch/middleware/actionable_exceptions.rb:18:in `call'
actionpack (8.0.3) lib/action_dispatch/middleware/debug_exceptions.rb:31:in `call'
actionpack (8.0.3) lib/action_dispatch/middleware/show_exceptions.rb:32:in `call'
railties (8.0.3) lib/rails/rack/logger.rb:41:in `call_app'
railties (8.0.3) lib/rails/rack/logger.rb:29:in `call'
actionpack (8.0.3) lib/action_dispatch/middleware/remote_ip.rb:96:in `call'
actionpack (8.0.3) lib/action_dispatch/middleware/request_id.rb:34:in `call'
rack (3.2.1) lib/rack/runtime.rb:24:in `call'
actionpack (8.0.3) lib/action_dispatch/middleware/server_timing.rb:61:in `block in call'
actionpack (8.0.3) lib/action_dispatch/middleware/server_timing.rb:26:in `collect_events'
actionpack (8.0.3) lib/action_dispatch/middleware/server_timing.rb:60:in `call'
actionpack (8.0.3) lib/action_dispatch/middleware/executor.rb:16:in `call'
actionpack (8.0.3) lib/action_dispatch/middleware/static.rb:27:in `call'
rack (3.2.1) lib/rack/sendfile.rb:114:in `call'
actionpack (8.0.3) lib/action_dispatch/middleware/host_authorization.rb:143:in `call'
railties (8.0.3) lib/rails/engine.rb:535:in `call'
puma (7.0.4) lib/puma/configuration.rb:299:in `call'
puma (7.0.4) lib/puma/request.rb:101:in `block in handle_request'
puma (7.0.4) lib/puma/thread_pool.rb:346:in `with_force_shutdown'
puma (7.0.4) lib/puma/request.rb:100:in `handle_request'
puma (7.0.4) lib/puma/server.rb:506:in `process_client'
puma (7.0.4) lib/puma/server.rb:265:in `block in run'
puma (7.0.4) lib/puma/thread_pool.rb:173:in `block in spawn_thread'
Started GET "/product_data.json" for ::1 at 2025-09-30 10:33:27 -0500
  
AbstractController::ActionNotFound (The action 'productIndex' could not be found for DataController):
  
actionpack (8.0.3) lib/abstract_controller/base.rb:147:in `process'
actionpack (8.0.3) lib/action_controller/metal.rb:252:in `dispatch'
actionpack (8.0.3) lib/action_controller/metal.rb:335:in `dispatch'
actionpack (8.0.3) lib/action_dispatch/routing/route_set.rb:67:in `dispatch'
actionpack (8.0.3) lib/action_dispatch/routing/route_set.rb:50:in `serve'
actionpack (8.0.3) lib/action_dispatch/journey/router.rb:53:in `block in serve'
actionpack (8.0.3) lib/action_dispatch/journey/router.rb:133:in `block in find_routes'
actionpack (8.0.3) lib/action_dispatch/journey/router.rb:126:in `each'
actionpack (8.0.3) lib/action_dispatch/journey/router.rb:126:in `find_routes'
actionpack (8.0.3) lib/action_dispatch/journey/router.rb:34:in `serve'
actionpack (8.0.3) lib/action_dispatch/routing/route_set.rb:908:in `call'
railties (8.0.3) lib/rails/engine/lazy_route_set.rb:60:in `call'
rack (3.2.1) lib/rack/etag.rb:29:in `call'
rack (3.2.1) lib/rack/conditional_get.rb:31:in `call'
rack (3.2.1) lib/rack/head.rb:15:in `call'
activerecord (8.0.3) lib/active_record/migration.rb:670:in `call'
actionpack (8.0.3) lib/action_dispatch/middleware/callbacks.rb:31:in `block in call'
activesupport (8.0.3) lib/active_support/callbacks.rb:100:in `run_callbacks'
actionpack (8.0.3) lib/action_dispatch/middleware/callbacks.rb:30:in `call'
actionpack (8.0.3) lib/action_dispatch/middleware/executor.rb:16:in `call'
actionpack (8.0.3) lib/action_dispatch/middleware/actionable_exceptions.rb:18:in `call'
actionpack (8.0.3) lib/action_dispatch/middleware/debug_exceptions.rb:31:in `call'
actionpack (8.0.3) lib/action_dispatch/middleware/show_exceptions.rb:32:in `call'
railties (8.0.3) lib/rails/rack/logger.rb:41:in `call_app'
railties (8.0.3) lib/rails/rack/logger.rb:29:in `call'
actionpack (8.0.3) lib/action_dispatch/middleware/remote_ip.rb:96:in `call'
actionpack (8.0.3) lib/action_dispatch/middleware/request_id.rb:34:in `call'
rack (3.2.1) lib/rack/runtime.rb:24:in `call'
actionpack (8.0.3) lib/action_dispatch/middleware/server_timing.rb:61:in `block in call'
actionpack (8.0.3) lib/action_dispatch/middleware/server_timing.rb:26:in `collect_events'
actionpack (8.0.3) lib/action_dispatch/middleware/server_timing.rb:60:in `call'
actionpack (8.0.3) lib/action_dispatch/middleware/executor.rb:16:in `call'
actionpack (8.0.3) lib/action_dispatch/middleware/static.rb:27:in `call'
rack (3.2.1) lib/rack/sendfile.rb:114:in `call'
actionpack (8.0.3) lib/action_dispatch/middleware/host_authorization.rb:143:in `call'
railties (8.0.3) lib/rails/engine.rb:535:in `call'
puma (7.0.4) lib/puma/configuration.rb:299:in `call'
puma (7.0.4) lib/puma/request.rb:101:in `block in handle_request'
puma (7.0.4) lib/puma/thread_pool.rb:346:in `with_force_shutdown'
puma (7.0.4) lib/puma/request.rb:100:in `handle_request'
puma (7.0.4) lib/puma/server.rb:506:in `process_client'
puma (7.0.4) lib/puma/server.rb:265:in `block in run'
puma (7.0.4) lib/puma/thread_pool.rb:173:in `block in spawn_thread'
Started GET "/product_data.json" for ::1 at 2025-09-30 10:33:31 -0500
  
AbstractController::ActionNotFound (The action 'productIndex' could not be found for DataController):
  
actionpack (8.0.3) lib/abstract_controller/base.rb:147:in `process'
actionpack (8.0.3) lib/action_controller/metal.rb:252:in `dispatch'
actionpack (8.0.3) lib/action_controller/metal.rb:335:in `dispatch'
actionpack (8.0.3) lib/action_dispatch/routing/route_set.rb:67:in `dispatch'
actionpack (8.0.3) lib/action_dispatch/routing/route_set.rb:50:in `serve'
actionpack (8.0.3) lib/action_dispatch/journey/router.rb:53:in `block in serve'
actionpack (8.0.3) lib/action_dispatch/journey/router.rb:133:in `block in find_routes'
actionpack (8.0.3) lib/action_dispatch/journey/router.rb:126:in `each'
actionpack (8.0.3) lib/action_dispatch/journey/router.rb:126:in `find_routes'
actionpack (8.0.3) lib/action_dispatch/journey/router.rb:34:in `serve'
actionpack (8.0.3) lib/action_dispatch/routing/route_set.rb:908:in `call'
railties (8.0.3) lib/rails/engine/lazy_route_set.rb:60:in `call'
rack (3.2.1) lib/rack/etag.rb:29:in `call'
rack (3.2.1) lib/rack/conditional_get.rb:31:in `call'
rack (3.2.1) lib/rack/head.rb:15:in `call'
activerecord (8.0.3) lib/active_record/migration.rb:670:in `call'
actionpack (8.0.3) lib/action_dispatch/middleware/callbacks.rb:31:in `block in call'
activesupport (8.0.3) lib/active_support/callbacks.rb:100:in `run_callbacks'
actionpack (8.0.3) lib/action_dispatch/middleware/callbacks.rb:30:in `call'
actionpack (8.0.3) lib/action_dispatch/middleware/executor.rb:16:in `call'
actionpack (8.0.3) lib/action_dispatch/middleware/actionable_exceptions.rb:18:in `call'
actionpack (8.0.3) lib/action_dispatch/middleware/debug_exceptions.rb:31:in `call'
actionpack (8.0.3) lib/action_dispatch/middleware/show_exceptions.rb:32:in `call'
railties (8.0.3) lib/rails/rack/logger.rb:41:in `call_app'
railties (8.0.3) lib/rails/rack/logger.rb:29:in `call'
actionpack (8.0.3) lib/action_dispatch/middleware/remote_ip.rb:96:in `call'
actionpack (8.0.3) lib/action_dispatch/middleware/request_id.rb:34:in `call'
rack (3.2.1) lib/rack/runtime.rb:24:in `call'
actionpack (8.0.3) lib/action_dispatch/middleware/server_timing.rb:61:in `block in call'
actionpack (8.0.3) lib/action_dispatch/middleware/server_timing.rb:26:in `collect_events'
actionpack (8.0.3) lib/action_dispatch/middleware/server_timing.rb:60:in `call'
actionpack (8.0.3) lib/action_dispatch/middleware/executor.rb:16:in `call'
actionpack (8.0.3) lib/action_dispatch/middleware/static.rb:27:in `call'
rack (3.2.1) lib/rack/sendfile.rb:114:in `call'
actionpack (8.0.3) lib/action_dispatch/middleware/host_authorization.rb:143:in `call'
railties (8.0.3) lib/rails/engine.rb:535:in `call'
puma (7.0.4) lib/puma/configuration.rb:299:in `call'
puma (7.0.4) lib/puma/request.rb:101:in `block in handle_request'
puma (7.0.4) lib/puma/thread_pool.rb:346:in `with_force_shutdown'
puma (7.0.4) lib/puma/request.rb:100:in `handle_request'
puma (7.0.4) lib/puma/server.rb:506:in `process_client'
puma (7.0.4) lib/puma/server.rb:265:in `block in run'
puma (7.0.4) lib/puma/thread_pool.rb:173:in `block in spawn_thread'
Started GET "/product_data.json" for ::1 at 2025-09-30 10:33:39 -0500
Processing by DataController#productIndex as JSON
Completed 200 OK in 145ms (Views: 0.9ms | ActiveRecord: 0.0ms (0 queries, 0 cached) | GC: 0.0ms)


Started GET "/product_data.json" for ::1 at 2025-09-30 10:33:57 -0500
Processing by DataController#productIndex as JSON
Completed 200 OK in 33ms (Views: 1.1ms | ActiveRecord: 0.0ms (0 queries, 0 cached) | GC: 0.0ms)


Started GET "/product_data.json" for ::1 at 2025-09-30 10:37:13 -0500
Processing by DataController#productIndex as JSON
Completed 200 OK in 21ms (Views: 1.1ms | ActiveRecord: 0.0ms (0 queries, 0 cached) | GC: 0.0ms)


Started GET "/product_data.json" for ::1 at 2025-09-30 10:37:41 -0500
Processing by DataController#productIndex as JSON
Completed 200 OK in 21ms (Views: 0.5ms | ActiveRecord: 0.0ms (0 queries, 0 cached) | GC: 0.0ms)


Started GET "/product_data.json" for ::1 at 2025-09-30 10:38:57 -0500
Processing by DataController#productIndex as JSON
Completed 200 OK in 37ms (Views: 0.9ms | ActiveRecord: 0.0ms (0 queries, 0 cached) | GC: 0.0ms)


Started GET "/product_data.json" for ::1 at 2025-09-30 10:39:58 -0500
Processing by DataController#productIndex as JSON
Completed 200 OK in 31ms (Views: 1.1ms | ActiveRecord: 0.0ms (0 queries, 0 cached) | GC: 0.0ms)


Started GET "/product_data.json" for ::1 at 2025-09-30 10:43:11 -0500
Processing by DataController#productIndex as JSON
Completed 200 OK in 38ms (Views: 1.0ms | ActiveRecord: 0.0ms (0 queries, 0 cached) | GC: 0.0ms)


Started GET "/product_data.json" for ::1 at 2025-09-30 10:43:29 -0500
Processing by DataController#productIndex as JSON
Completed 200 OK in 27ms (Views: 0.8ms | ActiveRecord: 0.0ms (0 queries, 0 cached) | GC: 0.0ms)


